build/app/outputs/mapping/release/seeds.txt
com.delta.flotechierp.MainActivity
com.delta.flotechierp.MainActivity: MainActivity()
...
com.google.firebase.crashlytics.internal.common.CommonUtils$Architecture: com.google.firebase.crashlytics.internal.common.CommonUtils$Architecture[] values()
androidx.window.layout.SidecarAdapter: java.util.List translate(java.util.List,androidx.window.sidecar.SidecarDeviceState)
com.dexterous.flutterlocalnotifications.models.NotificationChannelDetails: NotificationChannelDetails()
com.google.firebase.encoders.proto.Protobuf$IntEncoding: com.google.firebase.encoders.proto.Protobuf$IntEncoding valueOf(java.lang.String)
androidx.window.embedding.SplitInfo: boolean contains(android.app.Activity)
androidx.window.layout.SidecarAdapter: boolean isEqualSidecarDeviceState(androidx.window.sidecar.SidecarDeviceState,androidx.window.sidecar.SidecarDeviceState)
com.google.android.gms.auth.api.signin.internal.SignInHubActivity: SignInHubActivity()
androidx.window.layout.ExtensionWindowLayoutInfoBackend$MulticastConsumer: boolean isEmpty()
com.google.android.gms.ads.identifier.AdvertisingIdClient: com.google.android.gms.ads.identifier.AdvertisingIdClient$Info getInfo()
com.dexterous.flutterlocalnotifications.FlutterLocalNotificationsPlugin: void scheduleNextRepeatingNotification(android.content.Context,com.dexterous.flutterlocalnotifications.models.NotificationDetails)
com.dexterous.flutterlocalnotifications.models.NotificationDetails: com.dexterous.flutterlocalnotifications.models.PersonDetails readPersonDetails(java.util.Map)
androidx.appcompat.widget.Toolbar: android.graphics.drawable.Drawable getOverflowIcon()
org.threeten.bp.LocalDateTime: java.lang.Object writeReplace()
androidx.appcompat.widget.AppCompatImageButton: void setImageResource(int)
com.dexterous.flutterlocalnotifications.models.styles.BigTextStyleInformation: BigTextStyleInformation(java.lang.Boolean,java.lang.Boolean,java.lang.String,java.lang.Boolean,java.lang.String,java.lang.Boolean,java.lang.String,java.lang.Boolean)
androidx.core.app.NotificationCompat$CallStyle$Api28Impl: android.app.Notification$Builder addPerson(android.app.Notification$Builder,android.app.Person)
androidx.appcompat.widget.ContentFrameLayout: void setAttachListener(androidx.appcompat.widget.ContentFrameLayout$OnAttachListener)
io.flutter.view.AccessibilityViewEmbedder: boolean performAction(int,int,android.os.Bundle)
androidx.recyclerview.widget.RecyclerView: androidx.recyclerview.widget.RecyclerViewAccessibilityDelegate getCompatAccessibilityDelegate()
androidx.window.layout.SidecarAdapter$Companion: int getSidecarDevicePosture$window_release(androidx.window.sidecar.SidecarDeviceState)
androidx.core.app.ActivityCompat$Api31Impl: boolean shouldShowRequestPermissionRationale(android.app.Activity,java.lang.String)
com.github.barteksc.pdfviewer.PDFView$State: com.github.barteksc.pdfviewer.PDFView$State valueOf(java.lang.String)
io.flutter.plugins.webviewflutter.InputAwareWebView: void setContainerView(android.view.View)
androidx.recyclerview.widget.RecyclerView: void setItemAnimator(androidx.recyclerview.widget.RecyclerView$ItemAnimator)
androidx.appcompat.widget.SearchView: void setAppSearchData(android.os.Bundle)
androidx.core.view.ViewParentCompat$Api21Impl: void onNestedPreScroll(android.view.ViewParent,android.view.View,int,int,int[])
com.shockwave.pdfium.PdfPasswordException: PdfPasswordException()
io.flutter.embedding.engine.FlutterJNI: void updateCustomAccessibilityActions(java.nio.ByteBuffer,java.lang.String[])
androidx.appcompat.app.AppCompatViewInflater: androidx.appcompat.widget.AppCompatSpinner createSpinner(android.content.Context,android.util.AttributeSet)
androidx.core.view.ViewConfigurationCompat$Api26Impl: float getScaledHorizontalScrollFactor(android.view.ViewConfiguration)
com.google.android.material.button.MaterialButton: void setCornerRadius(int)
io.flutter.plugin.editing.ImeSyncDeferringInsetsCallback: boolean access$200(io.flutter.plugin.editing.ImeSyncDeferringInsetsCallback)