build/app/outputs/mapping/release/mapping.txt
# compiler: R8
# compiler_version: 3.1.66
# min_api: 21
# pg_map_id: 6c544bc
# common_typos_disable
# {"id":"com.android.tools.r8.mapping","version":"1.0"}
...
kotlin.Result$Companion -> x6.m$a:
kotlin.Result$Failure -> x6.m$b:
    java.lang.Throwable exception -> o
kotlin.ResultKt -> x6.n:
    java.lang.Object createFailure(java.lang.Throwable) -> a
    void throwOnFailure(java.lang.Object) -> b
kotlin.SynchronizedLazyImpl -> x6.o:
    kotlin.jvm.functions.Function0 initializer -> o
    java.lang.Object _value -> p
    java.lang.Object lock -> q
    boolean isInitialized() -> a
kotlin.TuplesKt -> x6.p:
    kotlin.Pair to(java.lang.Object,java.lang.Object) -> a
kotlin.TypeCastException -> x6.q:
kotlin.UNINITIALIZED_VALUE -> x6.r:
    kotlin.UNINITIALIZED_VALUE INSTANCE -> a
kotlin.UninitializedPropertyAccessException -> x6.s:
kotlin.Unit -> x6.t:
    kotlin.Unit INSTANCE -> a
kotlin.collections.AbstractCollection -> y6.a:
kotlin.collections.AbstractList -> y6.b:
    kotlin.collections.AbstractList$Companion Companion -> o
kotlin.collections.AbstractList$Companion -> y6.b$a:
    void checkElementIndex$kotlin_stdlib(int,int) -> a
    void checkPositionIndex$kotlin_stdlib(int,int) -> b
kotlin.collections.AbstractMutableList -> y6.c:
    int getSize() -> d
    java.lang.Object removeAt(int) -> g
kotlin.collections.ArrayDeque -> y6.d:
    int head -> o
    kotlin.collections.ArrayDeque$Companion Companion -> r
    java.lang.Object[] emptyElementData -> s
    java.lang.Object[] elementData -> p
    int size -> q
    int getSize() -> d
    java.lang.Object removeAt(int) -> g
    void addFirst(java.lang.Object) -> h
    void addLast(java.lang.Object) -> j
    void copyCollectionElements(int,java.util.Collection) -> k
    void copyElements(int) -> m
    int decremented(int) -> n
    void ensureCapacity(int) -> p
    int incremented(int) -> s
    int negativeMod(int) -> t
    int positiveMod(int) -> u
    java.lang.Object removeFirst() -> v
    java.lang.Object removeLast() -> w
kotlin.collections.ArrayDeque$Companion -> y6.d$a:
    int newCapacity$kotlin_stdlib(int,int) -> a
kotlin.collections.ArraysKt -> y6.e:
    java.util.List asList(java.lang.Object[]) -> b
      # {"id":"com.android.tools.r8.synthesized"}
    java.lang.Object[] copyInto$default(java.lang.Object[],java.lang.Object[],int,int,int,int,java.lang.Object) -> d
      # {"id":"com.android.tools.r8.synthesized"}
    void fill(java.lang.Object[],java.lang.Object,int,int) -> e
      # {"id":"com.android.tools.r8.synthesized"}
    void fill$default(java.lang.Object[],java.lang.Object,int,int,int,java.lang.Object) -> f
      # {"id":"com.android.tools.r8.synthesized"}
    char single(char[]) -> i
      # {"id":"com.android.tools.r8.synthesized"}
    java.lang.Object singleOrNull(java.lang.Object[]) -> j
      # {"id":"com.android.tools.r8.synthesized"}
    java.util.List sortedWith(java.lang.Object[],java.util.Comparator) -> l
      # {"id":"com.android.tools.r8.synthesized"}
kotlin.collections.ArraysKt__ArraysJVMKt -> y6.f:
    java.lang.Object[] arrayOfNulls(java.lang.Object[],int) -> a
kotlin.collections.ArraysKt__ArraysKt -> y6.g:
kotlin.collections.ArraysKt___ArraysJvmKt -> y6.h:
    java.util.List asList(java.lang.Object[]) -> b
    java.lang.Object[] copyInto(java.lang.Object[],java.lang.Object[],int,int,int) -> c
    java.lang.Object[] copyInto$default(java.lang.Object[],java.lang.Object[],int,int,int,int,java.lang.Object) -> d
    void fill(java.lang.Object[],java.lang.Object,int,int) -> e
    void fill$default(java.lang.Object[],java.lang.Object,int,int,int,java.lang.Object) -> f
    void sortWith(java.lang.Object[],java.util.Comparator) -> g
kotlin.collections.ArraysKt___ArraysKt -> y6.i:
    int getLastIndex(java.lang.Object[]) -> h
    char single(char[]) -> i
    java.lang.Object singleOrNull(java.lang.Object[]) -> j
    java.lang.Object[] sortedArrayWith(java.lang.Object[],java.util.Comparator) -> k
    java.util.List sortedWith(java.lang.Object[],java.util.Comparator) -> l
kotlin.collections.ArraysUtilJVM -> y6.j:
    java.util.List asList(java.lang.Object[]) -> a