build/app/outputs/mapping/release/usage.txt
com.delta.flotechierp.BuildConfig
com.delta.flotechierp.R$anim
com.delta.flotechierp.R$animator
com.delta.flotechierp.R$attr
com.delta.flotechierp.R$bool
com.delta.flotechierp.R$color
com.delta.flotechierp.R$dimen
com.delta.flotechierp.R$drawable
com.delta.flotechierp.R$id
com.delta.flotechierp.R$integer
com.delta.flotechierp.R$interpolator
com.delta.flotechierp.R$layout
com.delta.flotechierp.R$mipmap
com.delta.flotechierp.R$raw
com.delta.flotechierp.R$string
com.delta.flotechierp.R$style
com.delta.flotechierp.R$styleable
com.delta.flotechierp.R$xml
com.delta.flotechierp.R
...
com.google.firebase.crashlytics.BuildConfig
com.google.firebase.crashlytics.CrashlyticsAnalyticsListener:
    static final java.lang.String CRASHLYTICS_ORIGIN
    static final java.lang.String EVENT_NAME_KEY
    static final java.lang.String EVENT_ORIGIN_KEY
    static final java.lang.String EVENT_PARAMS_KEY
com.google.firebase.crashlytics.CrashlyticsRegistrar:
    private static final java.lang.String LIBRARY_NAME
com.google.firebase.crashlytics.CustomKeysAndValues$Builder
com.google.firebase.crashlytics.CustomKeysAndValues
com.google.firebase.crashlytics.FirebaseCrashlytics:
    static final int APP_EXCEPTION_CALLBACK_TIMEOUT_MS
    static final java.lang.String FIREBASE_CRASHLYTICS_ANALYTICS_ORIGIN
    static final java.lang.String LEGACY_CRASH_ANALYTICS_ORIGIN
    public void setCustomKey(java.lang.String,double)
    public void setCustomKey(java.lang.String,float)
    public void setCustomKey(java.lang.String,int)
    public void setCustomKey(java.lang.String,long)
    public void setCustomKey(java.lang.String,boolean)
    public void setCustomKeys(com.google.firebase.crashlytics.CustomKeysAndValues)
com.google.firebase.crashlytics.FlutterFirebaseCrashlyticsInternal:
    private static final java.lang.String FLUTTER_BUILD_ID_KEY
    private void <init>()
com.google.firebase.crashlytics.R$attr
com.google.firebase.crashlytics.R$color
com.google.firebase.crashlytics.R$dimen
com.google.firebase.crashlytics.R$drawable
com.google.firebase.crashlytics.R$id
com.google.firebase.crashlytics.R$integer
com.google.firebase.crashlytics.R$layout
com.google.firebase.crashlytics.R$raw
com.google.firebase.crashlytics.R$string
com.google.firebase.crashlytics.R$style
com.google.firebase.crashlytics.R$styleable
com.google.firebase.crashlytics.R
com.google.firebase.crashlytics.internal.CrashlyticsNativeComponentDeferredProxy$MissingNativeSessionFileProvider:
    public java.io.File getBinaryImagesFile()
com.google.firebase.crashlytics.internal.DevelopmentPlatformProvider:
    private static final java.lang.String FLUTTER_ASSET_FILE
    private static final java.lang.String FLUTTER_PLATFORM
    private static final java.lang.String UNITY_PLATFORM
    private static final java.lang.String UNITY_VERSION_FIELD
    public static boolean isUnity(android.content.Context)
com.google.firebase.crashlytics.internal.Logger:
    public static final java.lang.String TAG
    public void log(int,java.lang.String)
    public void log(int,java.lang.String,boolean)
com.google.firebase.crashlytics.internal.NativeSessionFileProvider:
    public abstract java.io.File getBinaryImagesFile()
com.google.firebase.crashlytics.internal.analytics.BlockingAnalyticsEventLogger:
    static final java.lang.String APP_EXCEPTION_EVENT_NAME
    boolean isCallbackReceived()
com.google.firebase.crashlytics.internal.analytics.BreadcrumbAnalyticsEventReceiver:
    private static final java.lang.String BREADCRUMB_NAME_KEY
    private static final java.lang.String BREADCRUMB_PARAMS_KEY
    private static final java.lang.String BREADCRUMB_PREFIX
com.google.firebase.crashlytics.internal.analytics.CrashlyticsOriginAnalyticsEventLogger:
    static final java.lang.String FIREBASE_ANALYTICS_ORIGIN_CRASHLYTICS
com.google.firebase.crashlytics.internal.common.BatteryState:
    static final int VELOCITY_CHARGING
    static final int VELOCITY_FULL
    static final int VELOCITY_UNPLUGGED
    boolean isPowerConnected()